<?xml version="1.0" encoding="UTF-8"?>
<testsuite xmlns:xsi="http://www.w3.org/2001/XMLSchema-instance" xsi:noNamespaceSchemaLocation="https://maven.apache.org/surefire/maven-surefire-plugin/xsd/surefire-test-report.xsd" name="pl.coderion.OpenfoodfactsJavaWrapperTest" time="0.443" tests="1" errors="0" skipped="0" failures="0">
  <properties>
    <property name="java.specification.version" value="18"/>
    <property name="sun.jnu.encoding" value="UTF-8"/>
    <property name="java.class.path" value="/Users/rodrigo/Downloads/openfoodfacts-java-main/target/test-classes:/Users/rodrigo/Downloads/openfoodfacts-java-main/target/classes:/Users/rodrigo/.m2/repository/io/micronaut/micronaut-inject/2.5.13/micronaut-inject-2.5.13.jar:/Users/rodrigo/.m2/repository/org/slf4j/slf4j-api/1.7.26/slf4j-api-1.7.26.jar:/Users/rodrigo/.m2/repository/javax/inject/javax.inject/1/javax.inject-1.jar:/Users/rodrigo/.m2/repository/io/micronaut/micronaut-core/2.5.13/micronaut-core-2.5.13.jar:/Users/rodrigo/.m2/repository/com/github/spotbugs/spotbugs-annotations/4.0.3/spotbugs-annotations-4.0.3.jar:/Users/rodrigo/.m2/repository/com/google/code/findbugs/jsr305/3.0.2/jsr305-3.0.2.jar:/Users/rodrigo/.m2/repository/org/yaml/snakeyaml/1.26/snakeyaml-1.26.jar:/Users/rodrigo/.m2/repository/io/micronaut/micronaut-validation/2.5.13/micronaut-validation-2.5.13.jar:/Users/rodrigo/.m2/repository/io/micronaut/micronaut-core-reactive/2.5.13/micronaut-core-reactive-2.5.13.jar:/Users/rodrigo/.m2/repository/org/reactivestreams/reactive-streams/1.0.3/reactive-streams-1.0.3.jar:/Users/rodrigo/.m2/repository/javax/validation/validation-api/2.0.1.Final/validation-api-2.0.1.Final.jar:/Users/rodrigo/.m2/repository/org/junit/jupiter/junit-jupiter-api/5.7.1/junit-jupiter-api-5.7.1.jar:/Users/rodrigo/.m2/repository/org/apiguardian/apiguardian-api/1.1.0/apiguardian-api-1.1.0.jar:/Users/rodrigo/.m2/repository/org/opentest4j/opentest4j/1.2.0/opentest4j-1.2.0.jar:/Users/rodrigo/.m2/repository/org/junit/platform/junit-platform-commons/1.7.1/junit-platform-commons-1.7.1.jar:/Users/rodrigo/.m2/repository/org/junit/jupiter/junit-jupiter-engine/5.7.1/junit-jupiter-engine-5.7.1.jar:/Users/rodrigo/.m2/repository/org/junit/platform/junit-platform-engine/1.7.1/junit-platform-engine-1.7.1.jar:/Users/rodrigo/.m2/repository/io/micronaut/test/micronaut-test-junit5/2.3.7/micronaut-test-junit5-2.3.7.jar:/Users/rodrigo/.m2/repository/io/micronaut/test/micronaut-test-core/2.3.7/micronaut-test-core-2.3.7.jar:/Users/rodrigo/.m2/repository/org/mockito/mockito-core/3.6.28/mockito-core-3.6.28.jar:/Users/rodrigo/.m2/repository/net/bytebuddy/byte-buddy/1.10.18/byte-buddy-1.10.18.jar:/Users/rodrigo/.m2/repository/net/bytebuddy/byte-buddy-agent/1.10.18/byte-buddy-agent-1.10.18.jar:/Users/rodrigo/.m2/repository/org/objenesis/objenesis/3.1/objenesis-3.1.jar:/Users/rodrigo/.m2/repository/io/micronaut/micronaut-http-client/2.5.13/micronaut-http-client-2.5.13.jar:/Users/rodrigo/.m2/repository/io/reactivex/rxjava2/rxjava/2.2.10/rxjava-2.2.10.jar:/Users/rodrigo/.m2/repository/io/micronaut/micronaut-http-client-core/2.5.13/micronaut-http-client-core-2.5.13.jar:/Users/rodrigo/.m2/repository/io/micronaut/micronaut-websocket/2.5.13/micronaut-websocket-2.5.13.jar:/Users/rodrigo/.m2/repository/io/micronaut/micronaut-http-netty/2.5.13/micronaut-http-netty-2.5.13.jar:/Users/rodrigo/.m2/repository/io/micronaut/micronaut-buffer-netty/2.5.13/micronaut-buffer-netty-2.5.13.jar:/Users/rodrigo/.m2/repository/io/netty/netty-handler/4.1.67.Final/netty-handler-4.1.67.Final.jar:/Users/rodrigo/.m2/repository/io/netty/netty-resolver/4.1.67.Final/netty-resolver-4.1.67.Final.jar:/Users/rodrigo/.m2/repository/io/netty/netty-codec-http2/4.1.67.Final/netty-codec-http2-4.1.67.Final.jar:/Users/rodrigo/.m2/repository/io/netty/netty-handler-proxy/4.1.67.Final/netty-handler-proxy-4.1.67.Final.jar:/Users/rodrigo/.m2/repository/io/netty/netty-common/4.1.67.Final/netty-common-4.1.67.Final.jar:/Users/rodrigo/.m2/repository/io/netty/netty-buffer/4.1.67.Final/netty-buffer-4.1.67.Final.jar:/Users/rodrigo/.m2/repository/io/netty/netty-transport/4.1.67.Final/netty-transport-4.1.67.Final.jar:/Users/rodrigo/.m2/repository/io/netty/netty-codec/4.1.67.Final/netty-codec-4.1.67.Final.jar:/Users/rodrigo/.m2/repository/io/netty/netty-codec-socks/4.1.67.Final/netty-codec-socks-4.1.67.Final.jar:/Users/rodrigo/.m2/repository/io/micronaut/micronaut-http-server-netty/2.5.13/micronaut-http-server-netty-2.5.13.jar:/Users/rodrigo/.m2/repository/io/micronaut/micronaut-http-server/2.5.13/micronaut-http-server-2.5.13.jar:/Users/rodrigo/.m2/repository/io/micronaut/micronaut-router/2.5.13/micronaut-router-2.5.13.jar:/Users/rodrigo/.m2/repository/io/netty/netty-codec-http/4.1.67.Final/netty-codec-http-4.1.67.Final.jar:/Users/rodrigo/.m2/repository/io/micronaut/micronaut-runtime/2.5.13/micronaut-runtime-2.5.13.jar:/Users/rodrigo/.m2/repository/io/micronaut/micronaut-http/2.5.13/micronaut-http-2.5.13.jar:/Users/rodrigo/.m2/repository/io/micronaut/micronaut-aop/2.5.13/micronaut-aop-2.5.13.jar:/Users/rodrigo/.m2/repository/io/micronaut/micronaut-context/2.5.13/micronaut-context-2.5.13.jar:/Users/rodrigo/.m2/repository/com/fasterxml/jackson/core/jackson-databind/2.12.2/jackson-databind-2.12.2.jar:/Users/rodrigo/.m2/repository/com/fasterxml/jackson/core/jackson-annotations/2.12.2/jackson-annotations-2.12.2.jar:/Users/rodrigo/.m2/repository/com/fasterxml/jackson/core/jackson-core/2.12.2/jackson-core-2.12.2.jar:/Users/rodrigo/.m2/repository/com/fasterxml/jackson/datatype/jackson-datatype-jdk8/2.12.2/jackson-datatype-jdk8-2.12.2.jar:/Users/rodrigo/.m2/repository/com/fasterxml/jackson/datatype/jackson-datatype-jsr310/2.12.2/jackson-datatype-jsr310-2.12.2.jar:/Users/rodrigo/.m2/repository/javax/annotation/javax.annotation-api/1.3.2/javax.annotation-api-1.3.2.jar:/Users/rodrigo/.m2/repository/ch/qos/logback/logback-classic/1.2.3/logback-classic-1.2.3.jar:/Users/rodrigo/.m2/repository/ch/qos/logback/logback-core/1.2.3/logback-core-1.2.3.jar:/Users/rodrigo/.m2/repository/org/projectlombok/lombok/1.18.20/lombok-1.18.20.jar:/Users/rodrigo/.m2/repository/org/apache/commons/commons-lang3/3.12.0/commons-lang3-3.12.0.jar:"/>
    <property name="java.vm.vendor" value="Amazon.com Inc."/>
    <property name="sun.arch.data.model" value="64"/>
    <property name="java.vendor.url" value="https://aws.amazon.com/corretto/"/>
    <property name="os.name" value="Mac OS X"/>
    <property name="java.vm.specification.version" value="18"/>
    <property name="sun.java.launcher" value="SUN_STANDARD"/>
    <property name="user.country" value="ES"/>
    <property name="sun.boot.library.path" value="/Users/rodrigo/Library/Java/JavaVirtualMachines/corretto-18.0.2/Contents/Home/lib"/>
    <property name="sun.java.command" value="/Users/rodrigo/Downloads/openfoodfacts-java-main/target/surefire/surefirebooter5112387436849258918.jar /Users/rodrigo/Downloads/openfoodfacts-java-main/target/surefire 2022-10-04T17-37-06_279-jvmRun1 surefire13691336868086136707tmp surefire_05845185692623676349tmp"/>
    <property name="http.nonProxyHosts" value="local|*.local|169.254/16|*.169.254/16"/>
    <property name="jdk.debug" value="release"/>
    <property name="surefire.test.class.path" value="/Users/rodrigo/Downloads/openfoodfacts-java-main/target/test-classes:/Users/rodrigo/Downloads/openfoodfacts-java-main/target/classes:/Users/rodrigo/.m2/repository/io/micronaut/micronaut-inject/2.5.13/micronaut-inject-2.5.13.jar:/Users/rodrigo/.m2/repository/org/slf4j/slf4j-api/1.7.26/slf4j-api-1.7.26.jar:/Users/rodrigo/.m2/repository/javax/inject/javax.inject/1/javax.inject-1.jar:/Users/rodrigo/.m2/repository/io/micronaut/micronaut-core/2.5.13/micronaut-core-2.5.13.jar:/Users/rodrigo/.m2/repository/com/github/spotbugs/spotbugs-annotations/4.0.3/spotbugs-annotations-4.0.3.jar:/Users/rodrigo/.m2/repository/com/google/code/findbugs/jsr305/3.0.2/jsr305-3.0.2.jar:/Users/rodrigo/.m2/repository/org/yaml/snakeyaml/1.26/snakeyaml-1.26.jar:/Users/rodrigo/.m2/repository/io/micronaut/micronaut-validation/2.5.13/micronaut-validation-2.5.13.jar:/Users/rodrigo/.m2/repository/io/micronaut/micronaut-core-reactive/2.5.13/micronaut-core-reactive-2.5.13.jar:/Users/rodrigo/.m2/repository/org/reactivestreams/reactive-streams/1.0.3/reactive-streams-1.0.3.jar:/Users/rodrigo/.m2/repository/javax/validation/validation-api/2.0.1.Final/validation-api-2.0.1.Final.jar:/Users/rodrigo/.m2/repository/org/junit/jupiter/junit-jupiter-api/5.7.1/junit-jupiter-api-5.7.1.jar:/Users/rodrigo/.m2/repository/org/apiguardian/apiguardian-api/1.1.0/apiguardian-api-1.1.0.jar:/Users/rodrigo/.m2/repository/org/opentest4j/opentest4j/1.2.0/opentest4j-1.2.0.jar:/Users/rodrigo/.m2/repository/org/junit/platform/junit-platform-commons/1.7.1/junit-platform-commons-1.7.1.jar:/Users/rodrigo/.m2/repository/org/junit/jupiter/junit-jupiter-engine/5.7.1/junit-jupiter-engine-5.7.1.jar:/Users/rodrigo/.m2/repository/org/junit/platform/junit-platform-engine/1.7.1/junit-platform-engine-1.7.1.jar:/Users/rodrigo/.m2/repository/io/micronaut/test/micronaut-test-junit5/2.3.7/micronaut-test-junit5-2.3.7.jar:/Users/rodrigo/.m2/repository/io/micronaut/test/micronaut-test-core/2.3.7/micronaut-test-core-2.3.7.jar:/Users/rodrigo/.m2/repository/org/mockito/mockito-core/3.6.28/mockito-core-3.6.28.jar:/Users/rodrigo/.m2/repository/net/bytebuddy/byte-buddy/1.10.18/byte-buddy-1.10.18.jar:/Users/rodrigo/.m2/repository/net/bytebuddy/byte-buddy-agent/1.10.18/byte-buddy-agent-1.10.18.jar:/Users/rodrigo/.m2/repository/org/objenesis/objenesis/3.1/objenesis-3.1.jar:/Users/rodrigo/.m2/repository/io/micronaut/micronaut-http-client/2.5.13/micronaut-http-client-2.5.13.jar:/Users/rodrigo/.m2/repository/io/reactivex/rxjava2/rxjava/2.2.10/rxjava-2.2.10.jar:/Users/rodrigo/.m2/repository/io/micronaut/micronaut-http-client-core/2.5.13/micronaut-http-client-core-2.5.13.jar:/Users/rodrigo/.m2/repository/io/micronaut/micronaut-websocket/2.5.13/micronaut-websocket-2.5.13.jar:/Users/rodrigo/.m2/repository/io/micronaut/micronaut-http-netty/2.5.13/micronaut-http-netty-2.5.13.jar:/Users/rodrigo/.m2/repository/io/micronaut/micronaut-buffer-netty/2.5.13/micronaut-buffer-netty-2.5.13.jar:/Users/rodrigo/.m2/repository/io/netty/netty-handler/4.1.67.Final/netty-handler-4.1.67.Final.jar:/Users/rodrigo/.m2/repository/io/netty/netty-resolver/4.1.67.Final/netty-resolver-4.1.67.Final.jar:/Users/rodrigo/.m2/repository/io/netty/netty-codec-http2/4.1.67.Final/netty-codec-http2-4.1.67.Final.jar:/Users/rodrigo/.m2/repository/io/netty/netty-handler-proxy/4.1.67.Final/netty-handler-proxy-4.1.67.Final.jar:/Users/rodrigo/.m2/repository/io/netty/netty-common/4.1.67.Final/netty-common-4.1.67.Final.jar:/Users/rodrigo/.m2/repository/io/netty/netty-buffer/4.1.67.Final/netty-buffer-4.1.67.Final.jar:/Users/rodrigo/.m2/repository/io/netty/netty-transport/4.1.67.Final/netty-transport-4.1.67.Final.jar:/Users/rodrigo/.m2/repository/io/netty/netty-codec/4.1.67.Final/netty-codec-4.1.67.Final.jar:/Users/rodrigo/.m2/repository/io/netty/netty-codec-socks/4.1.67.Final/netty-codec-socks-4.1.67.Final.jar:/Users/rodrigo/.m2/repository/io/micronaut/micronaut-http-server-netty/2.5.13/micronaut-http-server-netty-2.5.13.jar:/Users/rodrigo/.m2/repository/io/micronaut/micronaut-http-server/2.5.13/micronaut-http-server-2.5.13.jar:/Users/rodrigo/.m2/repository/io/micronaut/micronaut-router/2.5.13/micronaut-router-2.5.13.jar:/Users/rodrigo/.m2/repository/io/netty/netty-codec-http/4.1.67.Final/netty-codec-http-4.1.67.Final.jar:/Users/rodrigo/.m2/repository/io/micronaut/micronaut-runtime/2.5.13/micronaut-runtime-2.5.13.jar:/Users/rodrigo/.m2/repository/io/micronaut/micronaut-http/2.5.13/micronaut-http-2.5.13.jar:/Users/rodrigo/.m2/repository/io/micronaut/micronaut-aop/2.5.13/micronaut-aop-2.5.13.jar:/Users/rodrigo/.m2/repository/io/micronaut/micronaut-context/2.5.13/micronaut-context-2.5.13.jar:/Users/rodrigo/.m2/repository/com/fasterxml/jackson/core/jackson-databind/2.12.2/jackson-databind-2.12.2.jar:/Users/rodrigo/.m2/repository/com/fasterxml/jackson/core/jackson-annotations/2.12.2/jackson-annotations-2.12.2.jar:/Users/rodrigo/.m2/repository/com/fasterxml/jackson/core/jackson-core/2.12.2/jackson-core-2.12.2.jar:/Users/rodrigo/.m2/repository/com/fasterxml/jackson/datatype/jackson-datatype-jdk8/2.12.2/jackson-datatype-jdk8-2.12.2.jar:/Users/rodrigo/.m2/repository/com/fasterxml/jackson/datatype/jackson-datatype-jsr310/2.12.2/jackson-datatype-jsr310-2.12.2.jar:/Users/rodrigo/.m2/repository/javax/annotation/javax.annotation-api/1.3.2/javax.annotation-api-1.3.2.jar:/Users/rodrigo/.m2/repository/ch/qos/logback/logback-classic/1.2.3/logback-classic-1.2.3.jar:/Users/rodrigo/.m2/repository/ch/qos/logback/logback-core/1.2.3/logback-core-1.2.3.jar:/Users/rodrigo/.m2/repository/org/projectlombok/lombok/1.18.20/lombok-1.18.20.jar:/Users/rodrigo/.m2/repository/org/apache/commons/commons-lang3/3.12.0/commons-lang3-3.12.0.jar:"/>
    <property name="sun.cpu.endian" value="little"/>
    <property name="user.home" value="/Users/rodrigo"/>
    <property name="user.language" value="es"/>
    <property name="java.specification.vendor" value="Oracle Corporation"/>
    <property name="java.version.date" value="2022-07-19"/>
    <property name="java.home" value="/Users/rodrigo/Library/Java/JavaVirtualMachines/corretto-18.0.2/Contents/Home"/>
    <property name="file.separator" value="/"/>
    <property name="basedir" value="/Users/rodrigo/Downloads/openfoodfacts-java-main"/>
    <property name="java.vm.compressedOopsMode" value="Zero based"/>
    <property name="line.separator" value="&#10;"/>
    <property name="java.vm.specification.vendor" value="Oracle Corporation"/>
    <property name="java.specification.name" value="Java Platform API Specification"/>
    <property name="apple.awt.application.name" value="ForkedBooter"/>
    <property name="surefire.real.class.path" value="/Users/rodrigo/Downloads/openfoodfacts-java-main/target/surefire/surefirebooter5112387436849258918.jar"/>
    <property name="sun.management.compiler" value="HotSpot 64-Bit Tiered Compilers"/>
    <property name="ftp.nonProxyHosts" value="local|*.local|169.254/16|*.169.254/16"/>
    <property name="java.runtime.version" value="18.0.2+9-FR"/>
    <property name="user.name" value="rodrigo"/>
    <property name="path.separator" value=":"/>
    <property name="os.version" value="11.6.8"/>
    <property name="java.runtime.name" value="OpenJDK Runtime Environment"/>
    <property name="file.encoding" value="UTF-8"/>
    <property name="java.vm.name" value="OpenJDK 64-Bit Server VM"/>
    <property name="java.vendor.version" value="Corretto-18.0.2.9.1"/>
    <property name="localRepository" value="/Users/rodrigo/.m2/repository"/>
    <property name="java.vendor.url.bug" value="https://github.com/corretto/corretto-18/issues/"/>
    <property name="java.io.tmpdir" value="/var/folders/_p/5rr4d04d30d0ljdpssrbv4s80000gn/T/"/>
    <property name="idea.version" value="2022.2.2"/>
    <property name="java.version" value="18.0.2"/>
    <property name="user.dir" value="/Users/rodrigo/Downloads/openfoodfacts-java-main"/>
    <property name="os.arch" value="aarch64"/>
    <property name="java.vm.specification.name" value="Java Virtual Machine Specification"/>
    <property name="native.encoding" value="UTF-8"/>
    <property name="java.library.path" value="/Users/rodrigo/Library/Java/Extensions:/Library/Java/Extensions:/Network/Library/Java/Extensions:/System/Library/Java/Extensions:/usr/lib/java:."/>
    <property name="java.vm.info" value="mixed mode, sharing"/>
    <property name="java.vendor" value="Amazon.com Inc."/>
    <property name="java.vm.version" value="18.0.2+9-FR"/>
    <property name="sun.io.unicode.encoding" value="UnicodeBig"/>
    <property name="socksNonProxyHosts" value="local|*.local|169.254/16|*.169.254/16"/>
    <property name="java.class.version" value="62.0"/>
  </properties>
  <testcase name="testItWorks" classname="pl.coderion.OpenfoodfactsJavaWrapperTest" time="0.007"/>
</testsuite>